<?xml version="1.0" encoding="UTF-8"?>
<!-- Generated by org.testng.reporters.JUnitXMLReporter -->
<testsuite hostname="LVLFCPAB000385" ignored="0" name="Default test" tests="15" failures="1" timestamp="06 Nov 2017 17:35:35 GMT" time="246.626" errors="0">
  <testcase name="Send_Pickup" time="12.902" classname="Test_Package.Pickup_Activity"/>
  <testcase name="test_init" time="16.953" classname="Test_Package.Web_APP"/>
  <testcase name="login_portal" time="0.038" classname="Test_Package.Web_APP"/>
  <testcase name="enter_values_for_login" time="7.872" classname="Test_Package.Web_APP"/>
  <testcase name="select_pickup_tab" time="10.303" classname="Test_Package.Web_APP"/>
  <testcase name="row_column_exercise" time="5.492" classname="Test_Package.Web_APP"/>
  <testcase name="push_to_app" time="6.639" classname="Test_Package.Web_APP"/>
  <testcase name="init" time="23.792" classname="Test_Package.Mobile_Login"/>
  <testcase name="login" time="35.881" classname="Test_Package.Mobile_Login"/>
  <testcase name="cancel_popup" time="13.075" classname="Test_Package.Mobile_Login"/>
  <testcase name="TnC_Agree" time="15.513" classname="Test_Package.Mobile_Login"/>
  <testcase name="Provide_permissions" time="39.118" classname="Test_Package.Mobile_Login"/>
  <testcase name="Open_Activity_and_Accept" time="28.235" classname="Test_Package.Mobile_Login"/>
  <testcase name="complete_activity_selection" time="12.753" classname="Test_Package.Mobile_Login"/>
  <testcase name="complete_activity" time="17.97" classname="Test_Package.Mobile_Login">
    <failure type="org.openqa.selenium.NoSuchElementException" message="An element could not be located on the page using the given search parameters. (WARNING: The server did not provide any stacktrace information)
Command duration or timeout: 12.13 seconds
For documentation on this error, please visit: http://seleniumhq.org/exceptions/no_such_element.html
Build info: version: &amp;apos;unknown&amp;apos;, revision: &amp;apos;unknown&amp;apos;, time: &amp;apos;unknown&amp;apos;
System info: host: &amp;apos;LVLFCPAB000385&amp;apos;, ip: &amp;apos;192.168.56.1&amp;apos;, os.name: &amp;apos;Windows 7&amp;apos;, os.arch: &amp;apos;amd64&amp;apos;, os.version: &amp;apos;6.1&amp;apos;, java.version: &amp;apos;1.8.0_144&amp;apos;
Driver info: io.appium.java_client.android.AndroidDriver
Capabilities [{appPackage=com.abc.mcoe.dash.dev, deviceScreenSize=1440x2560, networkConnectionEnabled=true, warnings={}, databaseEnabled=false, deviceName=07160795b61b1a04, platform=LINUX, deviceUDID=07160795b61b1a04, appActivity=com.abc.mcoe.dash.dev.DashDevActivity, desired={appPackage=com.abc.mcoe.dash.dev, appActivity=com.abc.mcoe.dash.dev.DashDevActivity, platformVersion=6.0.1, browserName=Android, fastReset=true, platformName=Android, deviceName=07160795b61b1a04}, platformVersion=6.0.1, webStorageEnabled=false, locationContextEnabled=false, takesScreenshot=true, browserName=Android, javascriptEnabled=true, deviceModel=SM-N920V, fastReset=true, platformName=Android, deviceManufacturer=samsung}]
Session ID: 3e7839e0-25a6-4b19-bbd4-ee29034a6891">
      <![CDATA[org.openqa.selenium.NoSuchElementException: An element could not be located on the page using the given search parameters. (WARNING: The server did not provide any stacktrace information)
Command duration or timeout: 12.13 seconds
For documentation on this error, please visit: http://seleniumhq.org/exceptions/no_such_element.html
Build info: version: 'unknown', revision: 'unknown', time: 'unknown'
System info: host: 'LVLFCPAB000385', ip: '192.168.56.1', os.name: 'Windows 7', os.arch: 'amd64', os.version: '6.1', java.version: '1.8.0_144'
Driver info: io.appium.java_client.android.AndroidDriver
Capabilities [{appPackage=com.abc.mcoe.dash.dev, deviceScreenSize=1440x2560, networkConnectionEnabled=true, warnings={}, databaseEnabled=false, deviceName=07160795b61b1a04, platform=LINUX, deviceUDID=07160795b61b1a04, appActivity=com.abc.mcoe.dash.dev.DashDevActivity, desired={appPackage=com.abc.mcoe.dash.dev, appActivity=com.abc.mcoe.dash.dev.DashDevActivity, platformVersion=6.0.1, browserName=Android, fastReset=true, platformName=Android, deviceName=07160795b61b1a04}, platformVersion=6.0.1, webStorageEnabled=false, locationContextEnabled=false, takesScreenshot=true, browserName=Android, javascriptEnabled=true, deviceModel=SM-N920V, fastReset=true, platformName=Android, deviceManufacturer=samsung}]
Session ID: 3e7839e0-25a6-4b19-bbd4-ee29034a6891
	at sun.reflect.NativeConstructorAccessorImpl.newInstance0(Native Method)
	at sun.reflect.NativeConstructorAccessorImpl.newInstance(Unknown Source)
	at sun.reflect.DelegatingConstructorAccessorImpl.newInstance(Unknown Source)
	at java.lang.reflect.Constructor.newInstance(Unknown Source)
	at org.openqa.selenium.remote.ErrorHandler.createThrowable(ErrorHandler.java:215)
	at org.openqa.selenium.remote.ErrorHandler.throwIfResponseFailed(ErrorHandler.java:167)
	at org.openqa.selenium.remote.RemoteWebDriver.execute(RemoteWebDriver.java:671)
	at io.appium.java_client.DefaultGenericMobileDriver.execute(DefaultGenericMobileDriver.java:40)
	at io.appium.java_client.AppiumDriver.execute(AppiumDriver.java:1)
	at io.appium.java_client.android.AndroidDriver.execute(AndroidDriver.java:1)
	at org.openqa.selenium.remote.RemoteWebElement.execute(RemoteWebElement.java:272)
	at io.appium.java_client.DefaultGenericMobileElement.execute(DefaultGenericMobileElement.java:33)
	at io.appium.java_client.MobileElement.execute(MobileElement.java:1)
	at io.appium.java_client.android.AndroidElement.execute(AndroidElement.java:1)
	at org.openqa.selenium.remote.RemoteWebElement.click(RemoteWebElement.java:82)
	at Test_Package.Mobile_Login.complete_activity(Mobile_Login.java:198)
	at sun.reflect.NativeMethodAccessorImpl.invoke0(Native Method)
	at sun.reflect.NativeMethodAccessorImpl.invoke(Unknown Source)
	at sun.reflect.DelegatingMethodAccessorImpl.invoke(Unknown Source)
	at java.lang.reflect.Method.invoke(Unknown Source)
	at org.testng.internal.MethodInvocationHelper.invokeMethod(MethodInvocationHelper.java:108)
	at org.testng.internal.Invoker.invokeMethod(Invoker.java:661)
	at org.testng.internal.Invoker.invokeTestMethod(Invoker.java:869)
	at org.testng.internal.Invoker.invokeTestMethods(Invoker.java:1193)
	at org.testng.internal.TestMethodWorker.invokeTestMethods(TestMethodWorker.java:126)
	at org.testng.internal.TestMethodWorker.run(TestMethodWorker.java:109)
	at org.testng.TestRunner.privateRun(TestRunner.java:744)
	at org.testng.TestRunner.run(TestRunner.java:602)
	at org.testng.SuiteRunner.runTest(SuiteRunner.java:380)
	at org.testng.SuiteRunner.runSequentially(SuiteRunner.java:375)
	at org.testng.SuiteRunner.privateRun(SuiteRunner.java:340)
	at org.testng.SuiteRunner.run(SuiteRunner.java:289)
	at org.testng.SuiteRunnerWorker.runSuite(SuiteRunnerWorker.java:52)
	at org.testng.SuiteRunnerWorker.run(SuiteRunnerWorker.java:86)
	at org.testng.TestNG.runSuitesSequentially(TestNG.java:1301)
	at org.testng.TestNG.runSuitesLocally(TestNG.java:1226)
	at org.testng.TestNG.runSuites(TestNG.java:1144)
	at org.testng.TestNG.run(TestNG.java:1115)
	at org.testng.remote.AbstractRemoteTestNG.run(AbstractRemoteTestNG.java:132)
	at org.testng.remote.RemoteTestNG.initAndRun(RemoteTestNG.java:230)
	at org.testng.remote.RemoteTestNG.main(RemoteTestNG.java:76)
]]>
    </failure>
  </testcase> <!-- complete_activity -->
</testsuite> <!-- Default test -->
